c:\users\rohit\desktop\pp4\kakarala_rohit_pp4\project_portfolio_4\project_portfolio_4\debug\vc142.pdb
c:\users\rohit\desktop\pp4\kakarala_rohit_pp4\project_portfolio_4\project_portfolio_4\debug\vc142.idb
c:\users\rohit\desktop\pp4\kakarala_rohit_pp4\project_portfolio_4\project_portfolio_4\debug\camera.sbr
c:\users\rohit\desktop\pp4\kakarala_rohit_pp4\project_portfolio_4\project_portfolio_4\debug\ddstextureloader.sbr
c:\users\rohit\desktop\pp4\kakarala_rohit_pp4\project_portfolio_4\project_portfolio_4\debug\project_portfolio_4.sbr
c:\users\rohit\desktop\pp4\kakarala_rohit_pp4\project_portfolio_4\project_portfolio_4\debug\project_portfolio_4.obj
c:\users\rohit\desktop\pp4\kakarala_rohit_pp4\project_portfolio_4\project_portfolio_4\debug\ddstextureloader.obj
c:\users\rohit\desktop\pp4\kakarala_rohit_pp4\project_portfolio_4\project_portfolio_4\debug\camera.obj
c:\users\rohit\desktop\school\pp4\kakarala_rohit_pp4\project_portfolio_4\project_portfolio_4\debug\vc142.pdb
c:\users\rohit\desktop\school\pp4\kakarala_rohit_pp4\project_portfolio_4\project_portfolio_4\debug\vc142.idb
c:\users\rohit\desktop\school\pp4\kakarala_rohit_pp4\project_portfolio_4\project_portfolio_4\debug\camera.sbr
c:\users\rohit\desktop\school\pp4\kakarala_rohit_pp4\project_portfolio_4\project_portfolio_4\debug\ddstextureloader.sbr
c:\users\rohit\desktop\school\pp4\kakarala_rohit_pp4\project_portfolio_4\project_portfolio_4\debug\project_portfolio_4.sbr
c:\users\rohit\desktop\school\pp4\kakarala_rohit_pp4\project_portfolio_4\project_portfolio_4\debug\project_portfolio_4.obj
c:\users\rohit\desktop\school\pp4\kakarala_rohit_pp4\project_portfolio_4\project_portfolio_4\debug\ddstextureloader.obj
c:\users\rohit\desktop\school\pp4\kakarala_rohit_pp4\project_portfolio_4\project_portfolio_4\debug\camera.obj
c:\users\rohit\desktop\pp4\kakarala_rohit_pp4\project_portfolio_4\project_portfolio_4\geometryshader.csh
c:\users\rohit\desktop\pp4\kakarala_rohit_pp4\project_portfolio_4\debug\geometryshader.cso
c:\users\rohit\desktop\pp4\kakarala_rohit_pp4\project_portfolio_4\project_portfolio_4\instancedshader.csh
c:\users\rohit\desktop\pp4\kakarala_rohit_pp4\project_portfolio_4\debug\instancedshader.cso
c:\users\rohit\desktop\pp4\kakarala_rohit_pp4\project_portfolio_4\project_portfolio_4\meshpixelshader.csh
c:\users\rohit\desktop\pp4\kakarala_rohit_pp4\project_portfolio_4\debug\meshpixelshader.cso
c:\users\rohit\desktop\pp4\kakarala_rohit_pp4\project_portfolio_4\project_portfolio_4\meshvertexshader.csh
c:\users\rohit\desktop\pp4\kakarala_rohit_pp4\project_portfolio_4\debug\meshvertexshader.cso
c:\users\rohit\desktop\pp4\kakarala_rohit_pp4\project_portfolio_4\project_portfolio_4\pixelshader.csh
c:\users\rohit\desktop\pp4\kakarala_rohit_pp4\project_portfolio_4\debug\pixelshader.cso
c:\users\rohit\desktop\pp4\kakarala_rohit_pp4\project_portfolio_4\project_portfolio_4\vertexshader.csh
c:\users\rohit\desktop\pp4\kakarala_rohit_pp4\project_portfolio_4\debug\vertexshader.cso
c:\users\rohit\desktop\pp4\kakarala_rohit_pp4\project_portfolio_4\project_portfolio_4\transparencyshader.csh
c:\users\rohit\desktop\pp4\kakarala_rohit_pp4\project_portfolio_4\debug\transparencyshader.cso
c:\users\rohit\desktop\school\pp4\kakarala_rohit_pp4\project_portfolio_4\project_portfolio_4\geometryshader.csh
c:\users\rohit\desktop\school\pp4\kakarala_rohit_pp4\project_portfolio_4\debug\geometryshader.cso
c:\users\rohit\desktop\school\pp4\kakarala_rohit_pp4\project_portfolio_4\project_portfolio_4\instancedshader.csh
c:\users\rohit\desktop\school\pp4\kakarala_rohit_pp4\project_portfolio_4\debug\instancedshader.cso
c:\users\rohit\desktop\school\pp4\kakarala_rohit_pp4\project_portfolio_4\project_portfolio_4\meshpixelshader.csh
c:\users\rohit\desktop\school\pp4\kakarala_rohit_pp4\project_portfolio_4\debug\meshpixelshader.cso
c:\users\rohit\desktop\school\pp4\kakarala_rohit_pp4\project_portfolio_4\project_portfolio_4\meshvertexshader.csh
c:\users\rohit\desktop\school\pp4\kakarala_rohit_pp4\project_portfolio_4\debug\meshvertexshader.cso
c:\users\rohit\desktop\school\pp4\kakarala_rohit_pp4\project_portfolio_4\project_portfolio_4\pixelshader.csh
c:\users\rohit\desktop\school\pp4\kakarala_rohit_pp4\project_portfolio_4\debug\pixelshader.cso
c:\users\rohit\desktop\school\pp4\kakarala_rohit_pp4\project_portfolio_4\project_portfolio_4\transparencyshader.csh
c:\users\rohit\desktop\school\pp4\kakarala_rohit_pp4\project_portfolio_4\debug\transparencyshader.cso
c:\users\rohit\desktop\school\pp4\kakarala_rohit_pp4\project_portfolio_4\project_portfolio_4\vertexshader.csh
c:\users\rohit\desktop\school\pp4\kakarala_rohit_pp4\project_portfolio_4\debug\vertexshader.cso
c:\users\rohit\desktop\pp4\kakarala_rohit_pp4\project_portfolio_4\debug\project_portfolio_4.exe
c:\users\rohit\desktop\pp4\kakarala_rohit_pp4\project_portfolio_4\debug\project_portfolio_4.ilk
c:\users\rohit\desktop\pp4\kakarala_rohit_pp4\project_portfolio_4\debug\project_portfolio_4.pdb
c:\users\rohit\desktop\school\pp4\kakarala_rohit_pp4\project_portfolio_4\project_portfolio_4\debug\project_portfolio_4.ilk
c:\users\rohit\desktop\school\pp4\kakarala_rohit_pp4\project_portfolio_4\debug\project_portfolio_4.exe
c:\users\rohit\desktop\school\pp4\kakarala_rohit_pp4\project_portfolio_4\debug\project_portfolio_4.pdb
c:\users\rohit\desktop\pp4\kakarala_rohit_pp4\project_portfolio_4\project_portfolio_4\debug\project_portfolio_4.res
c:\users\rohit\desktop\school\pp4\kakarala_rohit_pp4\project_portfolio_4\project_portfolio_4\debug\project_portfolio_4.res
c:\users\rohit\desktop\kakarala_rohit_pp4\project_portfolio_4\project_portfolio_4\debug\camera.obj
c:\users\rohit\desktop\kakarala_rohit_pp4\project_portfolio_4\project_portfolio_4\debug\ddstextureloader.obj
c:\users\rohit\desktop\kakarala_rohit_pp4\project_portfolio_4\project_portfolio_4\debug\project_portfolio_4.obj
c:\users\rohit\desktop\kakarala_rohit_pp4\project_portfolio_4\project_portfolio_4\debug\project_portfolio_4.ilk
c:\users\rohit\desktop\kakarala_rohit_pp4\project_portfolio_4\project_portfolio_4\debug\project_portfolio_4.res
c:\users\rohit\desktop\kakarala_rohit_pp4\project_portfolio_4\project_portfolio_4\debug\vc142.idb
c:\users\rohit\desktop\kakarala_rohit_pp4\project_portfolio_4\project_portfolio_4\debug\vc142.pdb
c:\users\rohit\desktop\kakarala_rohit_pp4\project_portfolio_4\project_portfolio_4\debug\camera.sbr
c:\users\rohit\desktop\kakarala_rohit_pp4\project_portfolio_4\project_portfolio_4\debug\ddstextureloader.sbr
c:\users\rohit\desktop\kakarala_rohit_pp4\project_portfolio_4\project_portfolio_4\debug\project_portfolio_4.sbr
c:\users\rohit\desktop\kakarala_rohit_pp4\project_portfolio_4\debug\project_portfolio_4.pdb
c:\users\rohit\desktop\kakarala_rohit_pp4\project_portfolio_4\debug\project_portfolio_4.exe
c:\users\rohit\desktop\kakarala_rohit_pp4\project_portfolio_4\debug\project_portfolio_4.bsc
c:\users\rohit\desktop\kakarala_rohit_pp4\project_portfolio_4\debug\project_portfolio_4.ilk
c:\users\rohit\desktop\kakarala_rohit_pp4\project_portfolio_4\project_portfolio_4\debug\project_.f65452d4.tlog\bscmake.command.1.tlog
c:\users\rohit\desktop\kakarala_rohit_pp4\project_portfolio_4\project_portfolio_4\debug\project_.f65452d4.tlog\bscmake.read.1.tlog
c:\users\rohit\desktop\kakarala_rohit_pp4\project_portfolio_4\project_portfolio_4\debug\project_.f65452d4.tlog\cl.command.1.tlog
c:\users\rohit\desktop\kakarala_rohit_pp4\project_portfolio_4\project_portfolio_4\debug\project_.f65452d4.tlog\cl.read.1.tlog
c:\users\rohit\desktop\kakarala_rohit_pp4\project_portfolio_4\project_portfolio_4\debug\project_.f65452d4.tlog\cl.write.1.tlog
c:\users\rohit\desktop\kakarala_rohit_pp4\project_portfolio_4\project_portfolio_4\debug\project_.f65452d4.tlog\fxc.command.1.tlog
c:\users\rohit\desktop\kakarala_rohit_pp4\project_portfolio_4\project_portfolio_4\debug\project_.f65452d4.tlog\fxc.read.1.tlog
c:\users\rohit\desktop\kakarala_rohit_pp4\project_portfolio_4\project_portfolio_4\debug\project_.f65452d4.tlog\fxc.write.1.tlog
c:\users\rohit\desktop\kakarala_rohit_pp4\project_portfolio_4\project_portfolio_4\debug\project_.f65452d4.tlog\link.command.1.tlog
c:\users\rohit\desktop\kakarala_rohit_pp4\project_portfolio_4\project_portfolio_4\debug\project_.f65452d4.tlog\link.read.1.tlog
c:\users\rohit\desktop\kakarala_rohit_pp4\project_portfolio_4\project_portfolio_4\debug\project_.f65452d4.tlog\link.write.1.tlog
c:\users\rohit\desktop\kakarala_rohit_pp4\project_portfolio_4\project_portfolio_4\debug\project_.f65452d4.tlog\rc.command.1.tlog
c:\users\rohit\desktop\kakarala_rohit_pp4\project_portfolio_4\project_portfolio_4\debug\project_.f65452d4.tlog\rc.read.1.tlog
c:\users\rohit\desktop\kakarala_rohit_pp4\project_portfolio_4\project_portfolio_4\debug\project_.f65452d4.tlog\rc.write.1.tlog
